
 Experiment: cristae-net32-lr1e-4-bs8-ps32x256x256-repro0601-oldloss-legacy-2026-06-16

Using cuda with 8 workers. loader_extra={'persistent_workers': True, 'prefetch_factor': 4}
[loss] loss_variant=old_valid_mask -> loss=DiceLoss, metric=DiceLoss
Start time Tue Jun 16 14:58:05 2026
Loading Data paths and ROIs if with_rois=False...
len data paths 155
Using pinned test split 'synapsenetv1-testsplit' (15 files); 140 remain for train/val
Data and ROI preprocessing execution time: 0.019643 seconds
Creating 3d UNet with 2 input channels and 2 output channels.
[transform] loss_variant=old_valid_mask -> joint transform=None (default Kornia augmentation)
Path for this model /mnt/lustre-grete/usr/u12103/cristae/cristae-net32-lr1e-4-bs8-ps32x256x256-repro0601-oldloss-legacy-2026-06-16
train 126 val 14 test 15
data['train'] ['/mnt/lustre-grete/usr/u12103/cristae_data/wichmann/2026-05-26-dataset/2026-05-26_corrected_combined/Otof_AVCN07_449T_KO_M.Stim_M4_4_35934_combined.h5', '/mnt/lustre-grete/usr/u12103/cristae_data/wichmann/inital_data/WT20_eb2_AZ2_12K_model2_combined.h5', '/mnt/lustre-grete/usr/u12103/cristae_data/wichmann/2026-05-26-dataset/2026-05-26_corrected_combined/Otof_AVCN07_455L_KO_M.Stim_B4_4_35933_combined.h5', '/mnt/lustre-grete/usr/u12103/mitochondria/cooper/cristae/forgotten_cristae_h5_combined/36859_J2_66K_TS_R04_MF04_rec_2Kb1dawbp_crop_combined.h5', '/mnt/lustre-grete/usr/u12103/cristae_data/wichmann/inital_data/WT20_eb7_AZ1_model2_combined.h5', '/mnt/lustre-grete/usr/u12103/cristae_data/wichmann/inital_data/Otof_AVCN03_429D_WT_Rest_G3_4_model_combined.h5', '/mnt/lustre-grete/usr/u12103/cristae_data/wichmann/inital_data/M7_eb2_model_combined.h5', '/mnt/lustre-grete/usr/u12103/cristae_data/wichmann/inital_data/WT21_syn5_model2_combined.h5', '/mnt/lustre-grete/usr/u12103/cristae_data/wichmann/inital_data/WT19_syn9_model2_combined.h5', '/mnt/lustre-grete/usr/u12103/cristae_data/wichmann/inital_data/WT22_syn5_model2_combined.h5', '/scratch-grete/projects/nim00007/data/mitochondria/cooper/raw_mito_combined_s2/37371_O5_66K_TS_SP_35_rec_2Kb1dawbp_crop3_combined.h5', '/mnt/lustre-grete/usr/u12103/cristae_data/wichmann/2026-05-26-dataset/2026-05-26_corrected_combined/Otof_AVCN07_449T_KO_M.Stim_M1_1_35934_combined.h5', '/mnt/lustre-grete/usr/u12103/cristae_data/wichmann/inital_data/KO9_eb12_model_combined.h5', '/mnt/lustre-grete/usr/u12103/cristae_data/wichmann/2026-05-26-dataset/2026-05-26_corrected_combined/Otof_AVCN07_455L_KO_M.Stim_B4_6_35933_combined.h5', '/mnt/lustre-grete/usr/u12103/cristae_data/wichmann/2026-05-26-dataset/2026-05-26_corrected_combined/Otof_AVCN07_449T_KO_M.Stim_L3_9_35934_combined.h5', '/mnt/lustre-grete/usr/u12103/cristae_data/wichmann/inital_data/WT13_syn1_model2_combined.h5', '/mnt/lustre-grete/usr/u12103/cristae_data/wichmann/2026-05-26-dataset/2026-05-26_corrected_combined/Otof_AVCN07_455L_KO_M.Stim_B3_6_35933_combined.h5', '/mnt/lustre-grete/usr/u12103/cristae_data/wichmann/inital_data/WT39_eb2_model_combined.h5', '/mnt/lustre-grete/usr/u12103/cristae_data/wichmann/inital_data/WT11_eb7_model2_combined.h5', '/mnt/lustre-grete/usr/u12103/cristae_data/wichmann/inital_data/M7_eb7_model_combined.h5', '/mnt/lustre-grete/usr/u12103/cristae_data/wichmann/inital_data/WT22_eb10_model2_combined.h5', '/mnt/lustre-grete/usr/u12103/cristae_data/wichmann/inital_data/KO9_eb9_model_combined.h5', '/mnt/lustre-grete/usr/u12103/cristae_data/wichmann/2026-05-26-dataset/2026-05-26_corrected_combined/Otof_AVCN07_449T_KO_M.Stim_L3_1_35934_combined.h5', '/mnt/lustre-grete/usr/u12103/cristae_data/wichmann/inital_data/WT13_syn7_model2_combined.h5', '/mnt/lustre-grete/usr/u12103/cristae_data/wichmann/inital_data/WT11_eb1_model2_combined.h5', '/mnt/lustre-grete/usr/u12103/cristae_data/wichmann/inital_data/WT20_eb11_model2_combined.h5', '/mnt/lustre-grete/usr/u12103/cristae_data/wichmann/inital_data/KO9_eb13_model_combined.h5', '/mnt/lustre-grete/usr/u12103/cristae_data/wichmann/inital_data/WT20_syn3_model2_combined.h5', '/mnt/lustre-grete/usr/u12103/cristae_data/wichmann/2026-05-26-dataset/2026-05-26_corrected_combined/Otof_AVCN07_449T_KO_M.Stim_M1_6_35934_combined.h5', '/mnt/lustre-grete/usr/u12103/cristae_data/wichmann/inital_data/WT11_syn1_model2_combined.h5', '/mnt/lustre-grete/usr/u12103/cristae_data/wichmann/inital_data/WT13_syn10_model2_combined.h5', '/mnt/lustre-grete/usr/u12103/cristae_data/wichmann/2026-05-26-dataset/2026-05-26_corrected_combined/Otof_AVCN07_449T_KO_M.Stim_M1_9_35934_combined.h5', '/mnt/lustre-grete/usr/u12103/cristae_data/wichmann/inital_data/M7_eb10_model_combined.h5', '/mnt/lustre-grete/usr/u12103/cristae_data/wichmann/inital_data/M7_eb6_model_combined.h5', '/mnt/lustre-grete/usr/u12103/cristae_data/wichmann/inital_data/WT21_eb7_model2_combined.h5', '/mnt/lustre-grete/usr/u12103/cristae_data/wichmann/inital_data/Otof_AVCN03_429D_WT_Rest_H5_4_35461_model_combined.h5', '/mnt/lustre-grete/usr/u12103/cristae_data/wichmann/2026-05-26-dataset/2026-05-26_corrected_combined/Otof_AVCN07_449T_KO_M.Stim_M4_15_35934_combined.h5', '/mnt/lustre-grete/usr/u12103/cristae_data/wichmann/inital_data/WT22_syn6_model2_combined.h5', '/scratch-grete/projects/nim00007/data/mitochondria/cooper/raw_mito_combined_s2/36859_J1_STEM750_66K_SP_03_rec_2kb1dawbp_crop_combined.h5', '/mnt/lustre-grete/usr/u12103/cristae_data/wichmann/2026-05-26-dataset/2026-05-26_corrected_combined/Otof_AVCN07_455L_KO_M.Stim_B4_7_35933_combined.h5', '/mnt/lustre-grete/usr/u12103/cristae_data/wichmann/2026-05-26-dataset/2026-05-26_corrected_combined/Otof_AVCN07_455L_KO_M.Stim_B4_9_35933_combined.h5', '/mnt/lustre-grete/usr/u12103/cristae_data/wichmann/inital_data/M3_eb4_model_combined.h5', '/mnt/lustre-grete/usr/u12103/cristae_data/wichmann/inital_data/M2_eb14_model_combined.h5', '/mnt/lustre-grete/usr/u12103/cristae_data/wichmann/2026-05-26-dataset/2026-05-26_corrected_combined/Otof_AVCN07_449T_KO_M.Stim_M4_16_35934_combined.h5', '/mnt/lustre-grete/usr/u12103/cristae_data/wichmann/inital_data/KO9_eb1_model_combined.h5', '/mnt/lustre-grete/usr/u12103/cristae_data/wichmann/inital_data/WT13_eb4_model2_combined.h5', '/mnt/lustre-grete/usr/u12103/cristae_data/wichmann/inital_data/WT13_syn9_model2_combined.h5', '/mnt/lustre-grete/usr/u12103/cristae_data/wichmann/inital_data/WT20_syn6_model2_combined.h5', '/mnt/lustre-grete/usr/u12103/cristae_data/wichmann/inital_data/WT19_syn6_model2_combined.h5', '/mnt/lustre-grete/usr/u12103/cristae_data/wichmann/2026-05-26-dataset/2026-05-26_corrected_combined/Otof_AVCN13_480A_KO_M.Stim_B3_7_37819_combined.h5', '/mnt/lustre-grete/usr/u12103/cristae_data/wichmann/inital_data/Otof_AVCN03_429D_WT_Rest_H5_5_35461_model_combined.h5', '/mnt/lustre-grete/usr/u12103/cristae_data/wichmann/inital_data/WT39_eb4_model_combined.h5', '/mnt/lustre-grete/usr/u12103/cristae_data/wichmann/inital_data/M8_eb12_model_combined.h5', '/mnt/lustre-grete/usr/u12103/cristae_data/wichmann/inital_data/KO9_eb10_model_combined.h5', '/mnt/lustre-grete/usr/u12103/cristae_data/wichmann/inital_data/WT19_syn3_model2_combined.h5', '/mnt/lustre-grete/usr/u12103/cristae_data/wichmann/inital_data/WT20_eb8_AZ2_model2_combined.h5', '/mnt/lustre-grete/usr/u12103/mitochondria/cooper/cristae/2026/36194_B4_66K_TS_SC_07_rec_crop_combined.h5', '/mnt/lustre-grete/usr/u12103/cristae_data/wichmann/inital_data/M7_eb12_model_combined.h5', '/mnt/lustre-grete/usr/u12103/cristae_data/wichmann/inital_data/M10_eb9_model_combined.h5', '/mnt/lustre-grete/usr/u12103/cristae_data/wichmann/inital_data/WT22_eb9_model2_combined.h5', '/mnt/lustre-grete/usr/u12103/cristae_data/wichmann/inital_data/Otof_AVCN03_429A_WT_M.Stim_D3_2model_combined.h5', '/mnt/lustre-grete/usr/u12103/cristae_data/wichmann/inital_data/WT11_eb2_model2_combined.h5', '/mnt/lustre-grete/usr/u12103/cristae_data/wichmann/inital_data/WT11_eb5_model2_combined.h5', '/mnt/lustre-grete/usr/u12103/cristae_data/wichmann/2026-05-26-dataset/2026-05-26_corrected_combined/Otof_AVCN07_455L_KO_M.Stim_B2_2_35933_combined.h5', '/mnt/lustre-grete/usr/u12103/cristae_data/wichmann/inital_data/M7_eb15_model_combined.h5', '/mnt/lustre-grete/usr/u12103/cristae_data/wichmann/inital_data/M2_eb6_model_combined.h5', '/mnt/lustre-grete/usr/u12103/cristae_data/wichmann/inital_data/M1_eb3_model_combined.h5', '/mnt/lustre-grete/usr/u12103/cristae_data/wichmann/inital_data/WT21_eb3_model2_combined.h5', '/mnt/lustre-grete/usr/u12103/cristae_data/wichmann/inital_data/WT13_eb3_model2_combined.h5', '/mnt/lustre-grete/usr/u12103/cristae_data/wichmann/2026-05-26-dataset/2026-05-26_corrected_combined/Otof_AVCN07_449T_KO_M.Stim_M1_7_35934_combined.h5', '/mnt/lustre-grete/usr/u12103/cristae_data/wichmann/inital_data/WT13_syn11_model2_combined.h5', '/mnt/lustre-grete/usr/u12103/cristae_data/wichmann/inital_data/Otof_AVCN03_429D_WT_Rest_H5_1_35461_model_combined.h5', '/mnt/lustre-grete/usr/u12103/cristae_data/wichmann/inital_data/WT39_eb7_model_combined.h5', '/mnt/lustre-grete/usr/u12103/cristae_data/wichmann/inital_data/M2_eb10_model_combined.h5', '/mnt/lustre-grete/usr/u12103/cristae_data/wichmann/2026-05-26-dataset/2026-05-26_corrected_combined/Otof_AVCN07_438X_KO_M.Stim_M3_7_35935_combined.h5', '/mnt/lustre-grete/usr/u12103/cristae_data/wichmann/2026-05-26-dataset/2026-05-26_corrected_combined/Otof_AVCN07_455L_KO_M.Stim_B2_11_35933_combined.h5', '/mnt/lustre-grete/usr/u12103/cristae_data/wichmann/inital_data/M6_eb2_model_combined.h5', '/mnt/lustre-grete/usr/u12103/cristae_data/wichmann/2026-05-26-dataset/2026-05-26_corrected_combined/Otof_AVCN07_455L_KO_M.Stim_B4_3_35933_combined.h5', '/mnt/lustre-grete/usr/u12103/cristae_data/wichmann/inital_data/M7_eb9_model_combined.h5', '/mnt/lustre-grete/usr/u12103/cristae_data/wichmann/inital_data/WT11_syn6_model2_combined.h5', '/mnt/lustre-grete/usr/u12103/cristae_data/wichmann/inital_data/M2_eb2_AZ2_model_combined.h5', '/mnt/lustre-grete/usr/u12103/cristae_data/wichmann/inital_data/WT22_syn7_model2_combined.h5', '/mnt/lustre-grete/usr/u12103/cristae_data/wichmann/inital_data/M2_eb3_model_combined.h5', '/mnt/lustre-grete/usr/u12103/cristae_data/wichmann/inital_data/M5_eb3_model_combined.h5', '/mnt/lustre-grete/usr/u12103/cristae_data/wichmann/2026-05-26-dataset/2026-05-26_corrected_combined/Otof_AVCN07_449T_KO_M.Stim_M4_7_35934_combined.h5', '/mnt/lustre-grete/usr/u12103/mitochondria/cooper/cristae/forgotten_cristae_h5_combined/36859_J1_66K_TS_CA3_PS_23_rec_2Kb1dawbp_crop_combined.h5', '/mnt/lustre-grete/usr/u12103/cristae_data/wichmann/inital_data/WT20_syn7_model2_combined.h5', '/mnt/lustre-grete/usr/u12103/cristae_data/wichmann/inital_data/WT22_syn10_model2_combined.h5', '/mnt/lustre-grete/usr/u12103/cristae_data/wichmann/inital_data/Otof_AVCN03_429C_WT_M.Stim_G3_5_model_combined.h5', '/mnt/lustre-grete/usr/u12103/cristae_data/wichmann/inital_data/Otof_AVCN03_429D_WT_Rest_H5_3_35461_model_combined.h5', '/mnt/lustre-grete/usr/u12103/mitochondria/cooper/cristae/2026/36859_J1_STEM750_66K_SP_06_rec_2kb1dawbp_crop_combined.h5', '/mnt/lustre-grete/usr/u12103/cristae_data/wichmann/inital_data/WT22_eb6_AZ1_model2_combined.h5', '/mnt/lustre-grete/usr/u12103/cristae_data/wichmann/2026-05-26-dataset/2026-05-26_corrected_combined/Otof_AVCN07_438X_KO_M.Stim_N5_2_35935_combined.h5', '/mnt/lustre-grete/usr/u12103/cristae_data/wichmann/inital_data/M1_eb8_model_combined.h5', '/mnt/lustre-grete/usr/u12103/cristae_data/wichmann/inital_data/WT41_eb6_model_combined.h5', '/mnt/lustre-grete/usr/u12103/mitochondria/cooper/cristae/forgotten_cristae_h5_combined/36859_J1_66K_TS_PS_01_rec_2kb1dawbp_crop_combined.h5', '/mnt/lustre-grete/usr/u12103/cristae_data/wichmann/inital_data/KO9_eb14_model_combined.h5', '/mnt/lustre-grete/usr/u12103/mitochondria/cooper/cristae/forgotten_cristae_h5_combined/36859_J1_STEM750_66K_SP_03_rec_2kb1dawbp_crop_combined.h5', '/mnt/lustre-grete/usr/u12103/mitochondria/cooper/cristae/forgotten_cristae_h5_combined/36859_J1_66K_TS_CA3_PS_52_rec_2Kb1dawbp_crop_combined.h5', '/mnt/lustre-grete/usr/u12103/cristae_data/wichmann/inital_data/WT40_eb8_model_combined.h5', '/mnt/lustre-grete/usr/u12103/cristae_data/wichmann/inital_data/WT20_syn5_model2_combined.h5', '/mnt/lustre-grete/usr/u12103/cristae_data/wichmann/inital_data/WT21_eb9_model2_combined.h5', '/mnt/lustre-grete/usr/u12103/cristae_data/wichmann/inital_data/M1_eb1_model_combined.h5', '/mnt/lustre-grete/usr/u12103/cristae_data/wichmann/inital_data/M1_eb5_model_combined.h5', '/mnt/lustre-grete/usr/u12103/cristae_data/wichmann/inital_data/WT20_eb1_AZ2_12K_model2_combined.h5', '/mnt/lustre-grete/usr/u12103/cristae_data/wichmann/inital_data/WT40_eb9_model_combined.h5', '/mnt/lustre-grete/usr/u12103/cristae_data/wichmann/2026-05-26-dataset/2026-05-26_corrected_combined/Otof_AVCN07_438X_KO_M.Stim_M5_1_35935_combined.h5', '/mnt/lustre-grete/usr/u12103/cristae_data/wichmann/inital_data/WT21_eb4_model2_combined.h5', '/mnt/lustre-grete/usr/u12103/cristae_data/wichmann/inital_data/WT11_syn3_model2_combined.h5', '/mnt/lustre-grete/usr/u12103/cristae_data/wichmann/inital_data/M1_eb7_model_combined.h5', '/scratch-grete/projects/nim00007/data/mitochondria/cooper/raw_mito_combined_s2/36859_J1_66K_TS_PS_01_rec_2kb1dawbp_crop_combined.h5', '/mnt/lustre-grete/usr/u12103/cristae_data/wichmann/inital_data/WT16_syn2_model2_combined.h5', '/mnt/lustre-grete/usr/u12103/cristae_data/wichmann/2026-05-26-dataset/2026-05-26_corrected_combined/Otof_AVCN13_480A_KO_M.Stim_B3_8_37819_combined.h5', '/mnt/lustre-grete/usr/u12103/cristae_data/wichmann/inital_data/WT13_syn5_model2_combined.h5', '/mnt/lustre-grete/usr/u12103/cristae_data/wichmann/2026-05-26-dataset/2026-05-26_corrected_combined/Otof_AVCN13_480A_KO_M.Stim_B3_13_37819_combined.h5', '/mnt/lustre-grete/usr/u12103/cristae_data/wichmann/2026-05-26-dataset/2026-05-26_corrected_combined/Otof_AVCN07_455L_KO_M.Stim_B2_5_35933_combined.h5', '/mnt/lustre-grete/usr/u12103/cristae_data/wichmann/inital_data/WT13_syn4_model2_combined.h5', '/mnt/lustre-grete/usr/u12103/cristae_data/wichmann/inital_data/WT40_eb5_model_combined.h5', '/mnt/lustre-grete/usr/u12103/cristae_data/wichmann/inital_data/WT13_syn6_model2_combined.h5', '/mnt/lustre-grete/usr/u12103/cristae_data/wichmann/inital_data/WT40_eb3_model_combined.h5', '/mnt/lustre-grete/usr/u12103/cristae_data/wichmann/inital_data/WT40_eb11_model_combined.h5', '/mnt/lustre-grete/usr/u12103/cristae_data/wichmann/inital_data/KO9_eb4_model_combined.h5', '/mnt/lustre-grete/usr/u12103/cristae_data/wichmann/inital_data/KO8_eb2_model_combined.h5', '/scratch-grete/projects/nim00007/data/mitochondria/cooper/raw_mito_combined_s2/36859_J2_66K_TS_R04_MF04_rec_2Kb1dawbp_crop3_combined.h5', '/mnt/lustre-grete/usr/u12103/cristae_data/wichmann/inital_data/WT20_syn2_model2_combined.h5', '/mnt/lustre-grete/usr/u12103/cristae_data/wichmann/inital_data/WT22_syn9_model2_combined.h5']
data['val'] ['/mnt/lustre-grete/usr/u12103/cristae_data/wichmann/inital_data/WT20_eb9_model2_combined.h5', '/mnt/lustre-grete/usr/u12103/cristae_data/wichmann/inital_data/WT39_eb10_model_combined.h5', '/mnt/lustre-grete/usr/u12103/cristae_data/wichmann/inital_data/WT20_eb4_model2_combined.h5', '/mnt/lustre-grete/usr/u12103/mitochondria/cooper/cristae/2025/raw_mitos_combined_s2/37371_O4_66K_TS_SC_52_rec_2Kb1dawbp_cropF_s2_combined.h5', '/mnt/lustre-grete/usr/u12103/mitochondria/cooper/cristae/2025/raw_mitos_combined_s2/37371_O5_66K_TS_SP_34-01_rec_2Kb1dawbp_cropF_s2_combined.h5', '/mnt/lustre-grete/usr/u12103/cristae_data/wichmann/inital_data/WT21_syn3_model2_combined.h5', '/mnt/lustre-grete/usr/u12103/cristae_data/wichmann/inital_data/M8_eb8_model_combined.h5', '/mnt/lustre-grete/usr/u12103/cristae_data/wichmann/inital_data/M2_eb8_model_combined.h5', '/mnt/lustre-grete/usr/u12103/cristae_data/wichmann/inital_data/WT19_syn1_model2_combined.h5', '/mnt/lustre-grete/usr/u12103/cristae_data/wichmann/inital_data/M2_eb1_model_combined.h5', '/mnt/lustre-grete/usr/u12103/cristae_data/wichmann/inital_data/WT20_eb7_AZ2_model2_combined.h5', '/mnt/lustre-grete/usr/u12103/cristae_data/wichmann/inital_data/WT13_eb5_model2_combined.h5', '/mnt/lustre-grete/usr/u12103/mitochondria/cooper/cristae/2026/36194_B4_66K_TS_R01A_SC_15_rec_crop_combined.h5', '/mnt/lustre-grete/usr/u12103/cristae_data/wichmann/inital_data/Otof_AVCN03_429C_WT_M.Stim_G3_4_model_combined.h5']
data['test'] ['/mnt/lustre-grete/usr/u12103/cristae_data/wichmann/inital_data/WT22_eb5_model2_combined.h5', '/mnt/lustre-grete/usr/u12103/cristae_data/wichmann/inital_data/WT40_eb10_model_combined.h5', '/mnt/lustre-grete/usr/u12103/cristae_data/wichmann/inital_data/M5_eb1_model_combined.h5', '/mnt/lustre-grete/usr/u12103/mitochondria/cooper/cristae/2026/36859_J1_66K_TS_PS_03_rec_2kb1dawbp_crop_combined.h5', '/mnt/lustre-grete/usr/u12103/mitochondria/cooper/cristae/2026/36194_B4_66K_TS_SC_22_rec_crop_combined.h5', '/mnt/lustre-grete/usr/u12103/cristae_data/wichmann/inital_data/WT21_eb5_model2_combined.h5', '/mnt/lustre-grete/usr/u12103/cristae_data/wichmann/inital_data/KO8_eb4_model_combined.h5', '/mnt/lustre-grete/usr/u12103/cristae_data/wichmann/2026-05-26-dataset/2026-05-26_corrected_combined/Otof_AVCN07_455L_KO_M.Stim_B3_2_35933_combined.h5', '/mnt/lustre-grete/usr/u12103/cristae_data/wichmann/inital_data/M8_eb6_model_combined.h5', '/mnt/lustre-grete/usr/u12103/cristae_data/wichmann/inital_data/WT20_eb5_model2_combined.h5', '/mnt/lustre-grete/usr/u12103/cristae_data/wichmann/inital_data/M1_eb6_model_combined.h5', '/mnt/lustre-grete/usr/u12103/cristae_data/wichmann/inital_data/M2_eb5_model_combined.h5', '/mnt/lustre-grete/usr/u12103/cristae_data/wichmann/inital_data/Otof_AVCN03_429A_WT_M.Stim_D3_4model_combined.h5', '/mnt/lustre-grete/usr/u12103/mitochondria/cooper/cristae/2026/36194_B4_66K_TS_R01A_SC_01_rec_crop_combined.h5', '/mnt/lustre-grete/usr/u12103/cristae_data/wichmann/inital_data/WT21_syn4_model2_combined.h5']
Raw transform: <function standardize_channel at 0x145f048e82c0>

--- Dataset statistics [train] ---  (126 files)
  Otof_AVCN07_449T_KO_M.Stim_M4_4_35934_combined.h5  shape=(117, 1920, 1920)  | mito_ann= 7,823,333 ( 1.8%)  mito_unann=         0 ( 0.0%)  | cristae=1,036,590 (13.2% of ann mito)
  WT20_eb2_AZ2_12K_model2_combined.h5  shape=(116, 1336, 1336)  | mito_ann= 4,712,673 ( 2.3%)  mito_unann= 7,081,296 ( 3.4%)  | cristae= 965,071 (20.5% of ann mito)
  Otof_AVCN07_455L_KO_M.Stim_B4_4_35933_combined.h5  shape=(94, 1920, 1920)  | mito_ann= 6,934,703 ( 2.0%)  mito_unann=         0 ( 0.0%)  | cristae= 933,313 (13.5% of ann mito)
  36859_J2_66K_TS_R04_MF04_rec_2Kb1dawbp_crop_combined.h5  shape=(243, 901, 900)  | mito_ann=16,310,163 ( 8.3%)  mito_unann=   212,281 ( 0.1%)  | cristae=2,083,897 (12.8% of ann mito)
  WT20_eb7_AZ1_model2_combined.h5  shape=(121, 1336, 1336)  | mito_ann= 2,914,536 ( 1.3%)  mito_unann=19,042,279 ( 8.8%)  | cristae= 553,653 (19.0% of ann mito)
  Otof_AVCN03_429D_WT_Rest_G3_4_model_combined.h5  shape=(103, 1920, 2560)  | mito_ann= 1,830,334 ( 0.4%)  mito_unann=         0 ( 0.0%)  | cristae= 214,287 (11.7% of ann mito)
  M7_eb2_model_combined.h5  shape=(75, 1336, 1336)  | mito_ann=   984,696 ( 0.7%)  mito_unann= 2,929,400 ( 2.2%)  | cristae= 236,562 (24.0% of ann mito)
  WT21_syn5_model2_combined.h5  shape=(111, 1336, 1336)  | mito_ann= 4,240,135 ( 2.1%)  mito_unann= 1,145,433 ( 0.6%)  | cristae=1,083,400 (25.6% of ann mito)
  WT19_syn9_model2_combined.h5  shape=(95, 1336, 1336)  | mito_ann= 2,732,271 ( 1.6%)  mito_unann=         0 ( 0.0%)  | cristae= 609,240 (22.3% of ann mito)
  WT22_syn5_model2_combined.h5  shape=(116, 1336, 1336)  | mito_ann=11,194,051 ( 5.4%)  mito_unann=         0 ( 0.0%)  | cristae=1,515,486 (13.5% of ann mito)
  37371_O5_66K_TS_SP_35_rec_2Kb1dawbp_crop3_combined.h5  shape=(250, 278, 278)  | mito_ann= 3,068,702 (15.9%)  mito_unann=         0 ( 0.0%)  | cristae= 305,713 (10.0% of ann mito)
  Otof_AVCN07_449T_KO_M.Stim_M1_1_35934_combined.h5  shape=(109, 1920, 1920)  | mito_ann=23,875,852 ( 5.9%)  mito_unann=         0 ( 0.0%)  | cristae=3,667,909 (15.4% of ann mito)
  KO9_eb12_model_combined.h5  shape=(115, 1336, 1336)  | mito_ann=13,427,660 ( 6.5%)  mito_unann= 9,507,883 ( 4.6%)  | cristae=3,014,300 (22.4% of ann mito)
  Otof_AVCN07_455L_KO_M.Stim_B4_6_35933_combined.h5  shape=(108, 1920, 1920)  | mito_ann=11,829,467 ( 3.0%)  mito_unann=         0 ( 0.0%)  | cristae= 973,152 ( 8.2% of ann mito)
  Otof_AVCN07_449T_KO_M.Stim_L3_9_35934_combined.h5  shape=(108, 1920, 1920)  | mito_ann=11,635,823 ( 2.9%)  mito_unann=         0 ( 0.0%)  | cristae=1,390,105 (11.9% of ann mito)
  WT13_syn1_model2_combined.h5  shape=(147, 1336, 1336)  | mito_ann= 4,338,823 ( 1.7%)  mito_unann= 3,738,326 ( 1.4%)  | cristae= 948,260 (21.9% of ann mito)
  Otof_AVCN07_455L_KO_M.Stim_B3_6_35933_combined.h5  shape=(100, 1920, 1920)  | mito_ann=35,301,488 ( 9.6%)  mito_unann=         0 ( 0.0%)  | cristae=5,982,579 (16.9% of ann mito)
  WT39_eb2_model_combined.h5  shape=(97, 1336, 1336)  | mito_ann= 5,387,118 ( 3.1%)  mito_unann=19,427,808 (11.2%)  | cristae=1,105,178 (20.5% of ann mito)
  WT11_eb7_model2_combined.h5  shape=(127, 1336, 1336)  | mito_ann=16,914,551 ( 7.5%)  mito_unann= 8,170,990 ( 3.6%)  | cristae=4,637,216 (27.4% of ann mito)
  M7_eb7_model_combined.h5  shape=(96, 1336, 1336)  | mito_ann= 1,774,877 ( 1.0%)  mito_unann= 4,876,202 ( 2.8%)  | cristae= 401,319 (22.6% of ann mito)
  WT22_eb10_model2_combined.h5  shape=(115, 1336, 1336)  | mito_ann= 7,011,777 ( 3.4%)  mito_unann= 3,563,167 ( 1.7%)  | cristae=1,735,999 (24.8% of ann mito)
  KO9_eb9_model_combined.h5  shape=(110, 1336, 1336)  | mito_ann= 8,732,098 ( 4.4%)  mito_unann=         0 ( 0.0%)  | cristae=2,137,131 (24.5% of ann mito)
  Otof_AVCN07_449T_KO_M.Stim_L3_1_35934_combined.h5  shape=(120, 1920, 1920)  | mito_ann=12,527,433 ( 2.8%)  mito_unann=         0 ( 0.0%)  | cristae=1,648,989 (13.2% of ann mito)
  WT13_syn7_model2_combined.h5  shape=(99, 1336, 1336)  | mito_ann= 3,752,974 ( 2.1%)  mito_unann= 3,242,739 ( 1.8%)  | cristae= 714,451 (19.0% of ann mito)
  WT11_eb1_model2_combined.h5  shape=(116, 1336, 1336)  | mito_ann= 5,930,978 ( 2.9%)  mito_unann= 6,778,201 ( 3.3%)  | cristae= 428,425 ( 7.2% of ann mito)
  WT20_eb11_model2_combined.h5  shape=(128, 1336, 1336)  | mito_ann= 3,646,605 ( 1.6%)  mito_unann=17,961,606 ( 7.9%)  | cristae= 755,754 (20.7% of ann mito)
  KO9_eb13_model_combined.h5  shape=(110, 1336, 1336)  | mito_ann= 4,575,204 ( 2.3%)  mito_unann= 4,880,620 ( 2.5%)  | cristae=1,387,607 (30.3% of ann mito)
  WT20_syn3_model2_combined.h5  shape=(124, 1336, 1336)  | mito_ann= 2,700,697 ( 1.2%)  mito_unann=         0 ( 0.0%)  | cristae= 507,187 (18.8% of ann mito)
  Otof_AVCN07_449T_KO_M.Stim_M1_6_35934_combined.h5  shape=(116, 1920, 1920)  | mito_ann=17,243,694 ( 4.0%)  mito_unann=         0 ( 0.0%)  | cristae=1,640,198 ( 9.5% of ann mito)
  WT11_syn1_model2_combined.h5  shape=(119, 1336, 1336)  | mito_ann= 2,621,737 ( 1.2%)  mito_unann= 2,568,163 ( 1.2%)  | cristae= 617,697 (23.6% of ann mito)
  WT13_syn10_model2_combined.h5  shape=(94, 1336, 1336)  | mito_ann= 7,615,113 ( 4.5%)  mito_unann= 2,262,280 ( 1.3%)  | cristae=1,733,649 (22.8% of ann mito)
  Otof_AVCN07_449T_KO_M.Stim_M1_9_35934_combined.h5  shape=(113, 1920, 1920)  | mito_ann=12,384,062 ( 3.0%)  mito_unann=         0 ( 0.0%)  | cristae=1,736,031 (14.0% of ann mito)
  M7_eb10_model_combined.h5  shape=(88, 1336, 1336)  | mito_ann= 3,058,444 ( 1.9%)  mito_unann= 5,326,142 ( 3.4%)  | cristae= 693,815 (22.7% of ann mito)
  M7_eb6_model_combined.h5  shape=(83, 1336, 1336)  | mito_ann= 6,204,101 ( 4.2%)  mito_unann= 5,636,105 ( 3.8%)  | cristae=1,300,122 (21.0% of ann mito)
  WT21_eb7_model2_combined.h5  shape=(116, 1336, 1336)  | mito_ann=10,172,730 ( 4.9%)  mito_unann= 8,585,777 ( 4.1%)  | cristae=2,576,466 (25.3% of ann mito)
  Otof_AVCN03_429D_WT_Rest_H5_4_35461_model_combined.h5  shape=(111, 1920, 1920)  | mito_ann= 3,731,051 ( 0.9%)  mito_unann= 3,476,308 ( 0.8%)  | cristae= 541,802 (14.5% of ann mito)
  Otof_AVCN07_449T_KO_M.Stim_M4_15_35934_combined.h5  shape=(117, 1920, 1920)  | mito_ann= 6,341,667 ( 1.5%)  mito_unann=         6 ( 0.0%)  | cristae= 596,306 ( 9.4% of ann mito)
  WT22_syn6_model2_combined.h5  shape=(120, 1336, 1336)  | mito_ann= 5,910,874 ( 2.8%)  mito_unann= 4,938,318 ( 2.3%)  | cristae=1,228,917 (20.8% of ann mito)
  36859_J1_STEM750_66K_SP_03_rec_2kb1dawbp_crop_combined.h5  shape=(207, 812, 812)  | mito_ann= 4,468,703 ( 3.3%)  mito_unann=         0 ( 0.0%)  | cristae= 441,103 ( 9.9% of ann mito)
  Otof_AVCN07_455L_KO_M.Stim_B4_7_35933_combined.h5  shape=(116, 1920, 1920)  | mito_ann=24,169,886 ( 5.7%)  mito_unann=         0 ( 0.0%)  | cristae=1,789,463 ( 7.4% of ann mito)
  Otof_AVCN07_455L_KO_M.Stim_B4_9_35933_combined.h5  shape=(100, 1920, 1920)  | mito_ann=18,601,537 ( 5.0%)  mito_unann=         0 ( 0.0%)  | cristae=3,243,007 (17.4% of ann mito)
  M3_eb4_model_combined.h5  shape=(96, 1336, 1336)  | mito_ann= 2,481,523 ( 1.4%)  mito_unann= 2,303,118 ( 1.3%)  | cristae= 474,248 (19.1% of ann mito)
  M2_eb14_model_combined.h5  shape=(132, 1336, 1336)  | mito_ann= 8,000,888 ( 3.4%)  mito_unann= 4,987,774 ( 2.1%)  | cristae=1,356,896 (17.0% of ann mito)
  Otof_AVCN07_449T_KO_M.Stim_M4_16_35934_combined.h5  shape=(119, 1920, 1920)  | mito_ann=42,419,637 ( 9.7%)  mito_unann=         0 ( 0.0%)  | cristae=9,146,887 (21.6% of ann mito)
  KO9_eb1_model_combined.h5  shape=(111, 1336, 1336)  | mito_ann= 5,687,152 ( 2.9%)  mito_unann= 5,712,172 ( 2.9%)  | cristae=1,499,696 (26.4% of ann mito)
  WT13_eb4_model2_combined.h5  shape=(118, 1336, 1336)  | mito_ann= 4,718,418 ( 2.2%)  mito_unann=         0 ( 0.0%)  | cristae= 910,918 (19.3% of ann mito)
  WT13_syn9_model2_combined.h5  shape=(112, 1336, 1336)  | mito_ann= 4,190,792 ( 2.1%)  mito_unann= 2,512,695 ( 1.3%)  | cristae= 800,727 (19.1% of ann mito)
  WT20_syn6_model2_combined.h5  shape=(117, 1336, 1336)  | mito_ann= 2,727,526 ( 1.3%)  mito_unann= 5,790,953 ( 2.8%)  | cristae= 582,162 (21.3% of ann mito)
  WT19_syn6_model2_combined.h5  shape=(99, 1336, 1336)  | mito_ann= 2,481,214 ( 1.4%)  mito_unann=         0 ( 0.0%)  | cristae= 523,021 (21.1% of ann mito)
  Otof_AVCN13_480A_KO_M.Stim_B3_7_37819_combined.h5  shape=(101, 1920, 1920)  | mito_ann= 8,424,843 ( 2.3%)  mito_unann=    49,765 ( 0.0%)  | cristae=1,149,498 (13.6% of ann mito)
  Otof_AVCN03_429D_WT_Rest_H5_5_35461_model_combined.h5  shape=(106, 1920, 1920)  | mito_ann= 1,473,738 ( 0.4%)  mito_unann= 1,552,836 ( 0.4%)  | cristae= 274,788 (18.6% of ann mito)
  WT39_eb4_model_combined.h5  shape=(88, 1336, 1336)  | mito_ann= 4,459,889 ( 2.8%)  mito_unann= 6,251,120 ( 4.0%)  | cristae= 842,753 (18.9% of ann mito)
  M8_eb12_model_combined.h5  shape=(96, 1336, 1336)  | mito_ann=15,259,388 ( 8.9%)  mito_unann=         0 ( 0.0%)  | cristae=2,434,349 (16.0% of ann mito)
  KO9_eb10_model_combined.h5  shape=(102, 1336, 1336)  | mito_ann= 4,053,622 ( 2.2%)  mito_unann= 2,305,006 ( 1.3%)  | cristae=1,207,894 (29.8% of ann mito)
  WT19_syn3_model2_combined.h5  shape=(107, 1336, 1336)  | mito_ann= 7,661,464 ( 4.0%)  mito_unann=         0 ( 0.0%)  | cristae=1,444,370 (18.9% of ann mito)
  WT20_eb8_AZ2_model2_combined.h5  shape=(123, 1336, 1336)  | mito_ann= 4,282,734 ( 2.0%)  mito_unann=11,810,146 ( 5.4%)  | cristae=1,504,777 (35.1% of ann mito)
  36194_B4_66K_TS_SC_07_rec_crop_combined.h5  shape=(175, 912, 912)  | mito_ann= 3,478,266 ( 2.4%)  mito_unann= 1,009,290 ( 0.7%)  | cristae= 496,389 (14.3% of ann mito)
  M7_eb12_model_combined.h5  shape=(106, 1336, 1336)  | mito_ann= 8,065,833 ( 4.3%)  mito_unann=   713,761 ( 0.4%)  | cristae=1,707,343 (21.2% of ann mito)
  M10_eb9_model_combined.h5  shape=(133, 1336, 1336)  | mito_ann= 7,097,011 ( 3.0%)  mito_unann=14,231,152 ( 6.0%)  | cristae=1,127,822 (15.9% of ann mito)
  WT22_eb9_model2_combined.h5  shape=(111, 1336, 1336)  | mito_ann= 7,370,286 ( 3.7%)  mito_unann= 5,032,999 ( 2.5%)  | cristae=2,318,429 (31.5% of ann mito)
  Otof_AVCN03_429A_WT_M.Stim_D3_2model_combined.h5  shape=(94, 1920, 2560)  | mito_ann=14,293,374 ( 3.1%)  mito_unann=         4 ( 0.0%)  | cristae=1,836,904 (12.9% of ann mito)
  WT11_eb2_model2_combined.h5  shape=(131, 1336, 1336)  | mito_ann=13,125,949 ( 5.6%)  mito_unann= 1,259,218 ( 0.5%)  | cristae=1,262,594 ( 9.6% of ann mito)
  WT11_eb5_model2_combined.h5  shape=(118, 1336, 1336)  | mito_ann= 4,397,641 ( 2.1%)  mito_unann= 4,230,850 ( 2.0%)  | cristae= 767,996 (17.5% of ann mito)
  Otof_AVCN07_455L_KO_M.Stim_B2_2_35933_combined.h5  shape=(111, 1920, 1920)  | mito_ann=26,976,063 ( 6.6%)  mito_unann=         0 ( 0.0%)  | cristae=1,738,054 ( 6.4% of ann mito)
  M7_eb15_model_combined.h5  shape=(80, 1336, 1336)  | mito_ann= 2,275,952 ( 1.6%)  mito_unann= 6,653,447 ( 4.7%)  | cristae= 551,893 (24.2% of ann mito)
  M2_eb6_model_combined.h5  shape=(106, 1336, 1336)  | mito_ann=10,317,994 ( 5.5%)  mito_unann=         0 ( 0.0%)  | cristae=2,199,749 (21.3% of ann mito)
  M1_eb3_model_combined.h5  shape=(109, 1336, 1336)  | mito_ann= 3,936,962 ( 2.0%)  mito_unann= 4,845,764 ( 2.5%)  | cristae= 693,246 (17.6% of ann mito)
  WT21_eb3_model2_combined.h5  shape=(83, 1336, 1336)  | mito_ann= 4,166,579 ( 2.8%)  mito_unann= 4,569,626 ( 3.1%)  | cristae=1,251,068 (30.0% of ann mito)
  WT13_eb3_model2_combined.h5  shape=(103, 1336, 1336)  | mito_ann= 5,602,005 ( 3.0%)  mito_unann= 8,871,513 ( 4.8%)  | cristae=1,235,097 (22.0% of ann mito)
  Otof_AVCN07_449T_KO_M.Stim_M1_7_35934_combined.h5  shape=(111, 1920, 1920)  | mito_ann=12,750,800 ( 3.1%)  mito_unann=         0 ( 0.0%)  | cristae=1,804,606 (14.2% of ann mito)
  WT13_syn11_model2_combined.h5  shape=(123, 1336, 1336)  | mito_ann= 6,669,884 ( 3.0%)  mito_unann= 5,336,075 ( 2.4%)  | cristae=1,678,973 (25.2% of ann mito)
  Otof_AVCN03_429D_WT_Rest_H5_1_35461_model_combined.h5  shape=(91, 1920, 1920)  | mito_ann= 4,537,376 ( 1.4%)  mito_unann=         0 ( 0.0%)  | cristae= 656,028 (14.5% of ann mito)
  WT39_eb7_model_combined.h5  shape=(89, 1336, 1336)  | mito_ann=15,844,505 (10.0%)  mito_unann=         0 ( 0.0%)  | cristae=3,562,870 (22.5% of ann mito)
  M2_eb10_model_combined.h5  shape=(127, 1336, 1336)  | mito_ann= 8,297,181 ( 3.7%)  mito_unann= 3,508,962 ( 1.5%)  | cristae=1,897,602 (22.9% of ann mito)
  Otof_AVCN07_438X_KO_M.Stim_M3_7_35935_combined.h5  shape=(103, 1920, 1920)  | mito_ann=39,032,154 (10.3%)  mito_unann=   920,793 ( 0.2%)  | cristae=6,709,373 (17.2% of ann mito)
  Otof_AVCN07_455L_KO_M.Stim_B2_11_35933_combined.h5  shape=(104, 1920, 1920)  | mito_ann=11,476,541 ( 3.0%)  mito_unann= 1,088,758 ( 0.3%)  | cristae=1,305,650 (11.4% of ann mito)
  M6_eb2_model_combined.h5  shape=(111, 1336, 1336)  | mito_ann= 9,054,240 ( 4.6%)  mito_unann= 4,077,472 ( 2.1%)  | cristae=2,466,629 (27.2% of ann mito)
  Otof_AVCN07_455L_KO_M.Stim_B4_3_35933_combined.h5  shape=(103, 1920, 1920)  | mito_ann= 6,318,415 ( 1.7%)  mito_unann=         0 ( 0.0%)  | cristae= 612,601 ( 9.7% of ann mito)
  M7_eb9_model_combined.h5  shape=(111, 1336, 1336)  | mito_ann=16,353,982 ( 8.3%)  mito_unann= 5,301,763 ( 2.7%)  | cristae=3,405,266 (20.8% of ann mito)
  WT11_syn6_model2_combined.h5  shape=(127, 1336, 1336)  | mito_ann= 2,987,897 ( 1.3%)  mito_unann=         0 ( 0.0%)  | cristae= 575,359 (19.3% of ann mito)
  M2_eb2_AZ2_model_combined.h5  shape=(140, 1336, 1336)  | mito_ann= 4,278,047 ( 1.7%)  mito_unann= 4,378,098 ( 1.8%)  | cristae= 757,428 (17.7% of ann mito)
  WT22_syn7_model2_combined.h5  shape=(112, 1336, 1336)  | mito_ann= 6,880,706 ( 3.4%)  mito_unann= 7,079,287 ( 3.5%)  | cristae=1,392,196 (20.2% of ann mito)
  M2_eb3_model_combined.h5  shape=(125, 1336, 1336)  | mito_ann= 4,739,383 ( 2.1%)  mito_unann=10,346,532 ( 4.6%)  | cristae=1,144,410 (24.1% of ann mito)
  M5_eb3_model_combined.h5  shape=(102, 1336, 1336)  | mito_ann=11,978,449 ( 6.6%)  mito_unann= 3,639,675 ( 2.0%)  | cristae=2,861,958 (23.9% of ann mito)
  Otof_AVCN07_449T_KO_M.Stim_M4_7_35934_combined.h5  shape=(113, 1920, 1920)  | mito_ann=12,893,686 ( 3.1%)  mito_unann=         0 ( 0.0%)  | cristae=2,121,340 (16.5% of ann mito)
  36859_J1_66K_TS_CA3_PS_23_rec_2Kb1dawbp_crop_combined.h5  shape=(259, 916, 917)  | mito_ann=21,823,092 (10.0%)  mito_unann=         0 ( 0.0%)  | cristae=2,415,893 (11.1% of ann mito)
  WT20_syn7_model2_combined.h5  shape=(121, 1336, 1336)  | mito_ann= 3,481,475 ( 1.6%)  mito_unann=   910,679 ( 0.4%)  | cristae= 939,458 (27.0% of ann mito)
  WT22_syn10_model2_combined.h5  shape=(97, 1336, 1336)  | mito_ann= 4,551,955 ( 2.6%)  mito_unann=         0 ( 0.0%)  | cristae=1,168,200 (25.7% of ann mito)
  Otof_AVCN03_429C_WT_M.Stim_G3_5_model_combined.h5  shape=(112, 1920, 2560)  | mito_ann= 7,829,428 ( 1.4%)  mito_unann= 1,723,253 ( 0.3%)  | cristae= 743,596 ( 9.5% of ann mito)
  Otof_AVCN03_429D_WT_Rest_H5_3_35461_model_combined.h5  shape=(106, 1920, 1920)  | mito_ann= 3,771,023 ( 1.0%)  mito_unann= 4,180,480 ( 1.1%)  | cristae= 143,988 ( 3.8% of ann mito)
  36859_J1_STEM750_66K_SP_06_rec_2kb1dawbp_crop_combined.h5  shape=(241, 902, 902)  | mito_ann= 7,116,644 ( 3.6%)  mito_unann= 1,613,949 ( 0.8%)  | cristae= 698,774 ( 9.8% of ann mito)
  WT22_eb6_AZ1_model2_combined.h5  shape=(96, 1336, 1336)  | mito_ann= 3,143,977 ( 1.8%)  mito_unann=24,659,445 (14.4%)  | cristae= 933,947 (29.7% of ann mito)
  Otof_AVCN07_438X_KO_M.Stim_N5_2_35935_combined.h5  shape=(117, 1920, 1920)  | mito_ann= 3,278,875 ( 0.8%)  mito_unann= 8,267,408 ( 1.9%)  | cristae= 339,695 (10.4% of ann mito)
  M1_eb8_model_combined.h5  shape=(119, 1336, 1336)  | mito_ann= 9,749,201 ( 4.6%)  mito_unann=14,256,497 ( 6.7%)  | cristae=1,455,492 (14.9% of ann mito)
  WT41_eb6_model_combined.h5  shape=(131, 1336, 1336)  | mito_ann=11,292,666 ( 4.8%)  mito_unann= 1,446,482 ( 0.6%)  | cristae=1,803,056 (16.0% of ann mito)
  36859_J1_66K_TS_PS_01_rec_2kb1dawbp_crop_combined.h5  shape=(278, 950, 950)  | mito_ann= 6,219,178 ( 2.5%)  mito_unann=         0 ( 0.0%)  | cristae= 458,582 ( 7.4% of ann mito)
  KO9_eb14_model_combined.h5  shape=(116, 1336, 1336)  | mito_ann= 5,917,795 ( 2.9%)  mito_unann=         0 ( 0.0%)  | cristae= 984,907 (16.6% of ann mito)
  36859_J1_STEM750_66K_SP_03_rec_2kb1dawbp_crop_combined.h5  shape=(236, 901, 901)  | mito_ann= 6,516,117 ( 3.4%)  mito_unann=   308,055 ( 0.2%)  | cristae= 739,884 (11.4% of ann mito)
  36859_J1_66K_TS_CA3_PS_52_rec_2Kb1dawbp_crop_combined.h5  shape=(181, 964, 964)  | mito_ann= 6,975,251 ( 4.1%)  mito_unann=         0 ( 0.0%)  | cristae= 880,798 (12.6% of ann mito)
  WT40_eb8_model_combined.h5  shape=(123, 1336, 1336)  | mito_ann=22,212,215 (10.1%)  mito_unann=         0 ( 0.0%)  | cristae=5,135,011 (23.1% of ann mito)
  WT20_syn5_model2_combined.h5  shape=(119, 1336, 1336)  | mito_ann= 4,002,644 ( 1.9%)  mito_unann= 3,434,893 ( 1.6%)  | cristae=1,034,188 (25.8% of ann mito)
  WT21_eb9_model2_combined.h5  shape=(113, 1336, 1336)  | mito_ann= 5,688,068 ( 2.8%)  mito_unann= 2,018,844 ( 1.0%)  | cristae=1,723,653 (30.3% of ann mito)
  M1_eb1_model_combined.h5  shape=(98, 1336, 1336)  | mito_ann=12,347,338 ( 7.1%)  mito_unann=         0 ( 0.0%)  | cristae=2,024,384 (16.4% of ann mito)
  M1_eb5_model_combined.h5  shape=(117, 1336, 1336)  | mito_ann= 4,533,889 ( 2.2%)  mito_unann=         0 ( 0.0%)  | cristae= 692,931 (15.3% of ann mito)
  WT20_eb1_AZ2_12K_model2_combined.h5  shape=(111, 1336, 1336)  | mito_ann= 4,149,757 ( 2.1%)  mito_unann=17,497,535 ( 8.8%)  | cristae= 646,295 (15.6% of ann mito)
  WT40_eb9_model_combined.h5  shape=(103, 1336, 1336)  | mito_ann=10,848,759 ( 5.9%)  mito_unann= 6,300,843 ( 3.4%)  | cristae=2,089,083 (19.3% of ann mito)
  Otof_AVCN07_438X_KO_M.Stim_M5_1_35935_combined.h5  shape=(107, 1920, 1920)  | mito_ann=15,870,381 ( 4.0%)  mito_unann= 2,696,641 ( 0.7%)  | cristae=1,458,253 ( 9.2% of ann mito)
  WT21_eb4_model2_combined.h5  shape=(128, 1336, 1336)  | mito_ann= 5,963,578 ( 2.6%)  mito_unann=11,417,787 ( 5.0%)  | cristae=1,073,110 (18.0% of ann mito)
  WT11_syn3_model2_combined.h5  shape=(118, 1336, 1336)  | mito_ann= 8,507,680 ( 4.0%)  mito_unann= 3,257,624 ( 1.5%)  | cristae=1,808,162 (21.3% of ann mito)
  M1_eb7_model_combined.h5  shape=(142, 1336, 1336)  | mito_ann= 8,133,712 ( 3.2%)  mito_unann=         0 ( 0.0%)  | cristae=1,585,400 (19.5% of ann mito)
  36859_J1_66K_TS_PS_01_rec_2kb1dawbp_crop_combined.h5  shape=(289, 530, 949)  | mito_ann= 5,038,902 ( 3.5%)  mito_unann=         0 ( 0.0%)  | cristae= 219,084 ( 4.3% of ann mito)
  WT16_syn2_model2_combined.h5  shape=(106, 1336, 1336)  | mito_ann= 2,815,789 ( 1.5%)  mito_unann=         0 ( 0.0%)  | cristae= 485,529 (17.2% of ann mito)
  Otof_AVCN13_480A_KO_M.Stim_B3_8_37819_combined.h5  shape=(96, 1920, 1920)  | mito_ann= 9,904,925 ( 2.8%)  mito_unann=         0 ( 0.0%)  | cristae=1,701,578 (17.2% of ann mito)
  WT13_syn5_model2_combined.h5  shape=(109, 1336, 1336)  | mito_ann= 7,038,904 ( 3.6%)  mito_unann=         0 ( 0.0%)  | cristae=1,562,276 (22.2% of ann mito)
  Otof_AVCN13_480A_KO_M.Stim_B3_13_37819_combined.h5  shape=(107, 1920, 1920)  | mito_ann= 6,687,718 ( 1.7%)  mito_unann=         0 ( 0.0%)  | cristae= 663,487 ( 9.9% of ann mito)
  Otof_AVCN07_455L_KO_M.Stim_B2_5_35933_combined.h5  shape=(104, 1920, 1920)  | mito_ann=11,211,869 ( 2.9%)  mito_unann=         0 ( 0.0%)  | cristae=1,151,324 (10.3% of ann mito)
  WT13_syn4_model2_combined.h5  shape=(141, 1336, 1336)  | mito_ann= 3,526,299 ( 1.4%)  mito_unann=         0 ( 0.0%)  | cristae= 575,831 (16.3% of ann mito)
  WT40_eb5_model_combined.h5  shape=(114, 1336, 1336)  | mito_ann= 7,227,550 ( 3.6%)  mito_unann=28,990,281 (14.2%)  | cristae=1,265,918 (17.5% of ann mito)
  WT13_syn6_model2_combined.h5  shape=(94, 1336, 1336)  | mito_ann= 2,794,053 ( 1.7%)  mito_unann=         0 ( 0.0%)  | cristae= 588,491 (21.1% of ann mito)
  WT40_eb3_model_combined.h5  shape=(105, 1336, 1336)  | mito_ann=14,555,637 ( 7.8%)  mito_unann=17,863,636 ( 9.5%)  | cristae=3,132,528 (21.5% of ann mito)
  WT40_eb11_model_combined.h5  shape=(95, 1336, 1336)  | mito_ann=13,289,381 ( 7.8%)  mito_unann= 1,286,004 ( 0.8%)  | cristae=2,866,868 (21.6% of ann mito)
  KO9_eb4_model_combined.h5  shape=(91, 1336, 1336)  | mito_ann= 5,047,895 ( 3.1%)  mito_unann=         0 ( 0.0%)  | cristae= 995,750 (19.7% of ann mito)
  KO8_eb2_model_combined.h5  shape=(101, 1336, 1336)  | mito_ann= 7,033,488 ( 3.9%)  mito_unann= 3,832,235 ( 2.1%)  | cristae=1,716,230 (24.4% of ann mito)
  36859_J2_66K_TS_R04_MF04_rec_2Kb1dawbp_crop3_combined.h5  shape=(30, 544, 544)  | mito_ann= 1,086,978 (12.2%)  mito_unann=         0 ( 0.0%)  | cristae= 104,758 ( 9.6% of ann mito)
  WT20_syn2_model2_combined.h5  shape=(112, 1336, 1336)  | mito_ann= 5,469,611 ( 2.7%)  mito_unann=         0 ( 0.0%)  | cristae=1,189,315 (21.7% of ann mito)
  WT22_syn9_model2_combined.h5  shape=(98, 1336, 1336)  | mito_ann= 3,850,896 ( 2.2%)  mito_unann= 2,448,853 ( 1.4%)  | cristae= 719,852 (18.7% of ann mito)
  [TOTAL]  bg=29,638,207,645 (95.1%)  mito_ann=1,072,657,203 ( 3.4%)  mito_unann=444,133,378 ( 1.4%)  | cristae=185,318,765 (17.3% of ann mito)


--- Dataset statistics [val] ---  (14 files)
  WT20_eb9_model2_combined.h5  shape=(146, 1336, 1336)  | mito_ann= 8,724,416 ( 3.3%)  mito_unann= 9,290,453 ( 3.6%)  | cristae=2,248,518 (25.8% of ann mito)
  WT39_eb10_model_combined.h5  shape=(111, 1336, 1336)  | mito_ann=10,236,475 ( 5.2%)  mito_unann=         2 ( 0.0%)  | cristae=2,006,773 (19.6% of ann mito)
  WT20_eb4_model2_combined.h5  shape=(129, 1336, 1336)  | mito_ann= 4,247,826 ( 1.8%)  mito_unann=17,443,486 ( 7.6%)  | cristae=1,064,852 (25.1% of ann mito)
  37371_O4_66K_TS_SC_52_rec_2Kb1dawbp_cropF_s2_combined.h5  shape=(331, 927, 910)  | mito_ann= 2,789,508 ( 1.0%)  mito_unann=         0 ( 0.0%)  | cristae= 292,097 (10.5% of ann mito)
  37371_O5_66K_TS_SP_34-01_rec_2Kb1dawbp_cropF_s2_combined.h5  shape=(213, 829, 828)  | mito_ann= 3,382,504 ( 2.3%)  mito_unann=         0 ( 0.0%)  | cristae= 376,355 (11.1% of ann mito)
  WT21_syn3_model2_combined.h5  shape=(117, 1336, 1336)  | mito_ann= 7,245,029 ( 3.5%)  mito_unann= 4,204,028 ( 2.0%)  | cristae=1,445,617 (20.0% of ann mito)
  M8_eb8_model_combined.h5  shape=(97, 1336, 1336)  | mito_ann= 6,186,595 ( 3.6%)  mito_unann=         0 ( 0.0%)  | cristae= 896,898 (14.5% of ann mito)
  M2_eb8_model_combined.h5  shape=(112, 1336, 1336)  | mito_ann= 4,636,782 ( 2.3%)  mito_unann=         0 ( 0.0%)  | cristae= 660,938 (14.3% of ann mito)
  WT19_syn1_model2_combined.h5  shape=(92, 1336, 1336)  | mito_ann= 1,837,321 ( 1.1%)  mito_unann=         0 ( 0.0%)  | cristae= 547,065 (29.8% of ann mito)
  M2_eb1_model_combined.h5  shape=(114, 1336, 1336)  | mito_ann= 5,161,551 ( 2.5%)  mito_unann=         0 ( 0.0%)  | cristae= 892,677 (17.3% of ann mito)
  WT20_eb7_AZ2_model2_combined.h5  shape=(108, 1336, 1336)  | mito_ann= 3,150,911 ( 1.6%)  mito_unann=25,038,186 (13.0%)  | cristae= 725,411 (23.0% of ann mito)
  WT13_eb5_model2_combined.h5  shape=(117, 1336, 1336)  | mito_ann= 6,188,701 ( 3.0%)  mito_unann= 3,579,127 ( 1.7%)  | cristae=1,539,013 (24.9% of ann mito)
  36194_B4_66K_TS_R01A_SC_15_rec_crop_combined.h5  shape=(240, 1024, 1002)  | mito_ann= 3,270,925 ( 1.3%)  mito_unann=         0 ( 0.0%)  | cristae= 406,028 (12.4% of ann mito)
  Otof_AVCN03_429C_WT_M.Stim_G3_4_model_combined.h5  shape=(109, 1920, 2560)  | mito_ann= 6,377,387 ( 1.2%)  mito_unann=         0 ( 0.0%)  | cristae= 780,723 (12.2% of ann mito)
  [TOTAL]  bg=3,114,580,661 (95.9%)  mito_ann=73,435,931 ( 2.3%)  mito_unann=59,555,282 ( 1.8%)  | cristae=13,882,965 (18.9% of ann mito)


--- Dataset statistics [test] ---  (15 files)
  WT22_eb5_model2_combined.h5  shape=(101, 1336, 1336)  | mito_ann=12,602,784 ( 7.0%)  mito_unann=12,450,802 ( 6.9%)  | cristae=3,103,130 (24.6% of ann mito)
  WT40_eb10_model_combined.h5  shape=(97, 1336, 1336)  | mito_ann=24,335,069 (14.1%)  mito_unann=         0 ( 0.0%)  | cristae=3,697,062 (15.2% of ann mito)
  M5_eb1_model_combined.h5  shape=(107, 1336, 1336)  | mito_ann= 7,757,129 ( 4.1%)  mito_unann= 3,743,127 ( 2.0%)  | cristae=1,956,642 (25.2% of ann mito)
  36859_J1_66K_TS_PS_03_rec_2kb1dawbp_crop_combined.h5  shape=(282, 911, 911)  | mito_ann=13,735,514 ( 5.9%)  mito_unann= 7,241,050 ( 3.1%)  | cristae=1,263,473 ( 9.2% of ann mito)
  36194_B4_66K_TS_SC_22_rec_crop_combined.h5  shape=(246, 901, 902)  | mito_ann= 3,841,798 ( 1.9%)  mito_unann=   889,636 ( 0.4%)  | cristae= 429,007 (11.2% of ann mito)
  WT21_eb5_model2_combined.h5  shape=(100, 1336, 1336)  | mito_ann= 4,374,668 ( 2.5%)  mito_unann=13,436,850 ( 7.5%)  | cristae=1,274,654 (29.1% of ann mito)
  KO8_eb4_model_combined.h5  shape=(91, 1336, 1336)  | mito_ann= 6,112,899 ( 3.8%)  mito_unann= 7,140,603 ( 4.4%)  | cristae=1,526,829 (25.0% of ann mito)
  Otof_AVCN07_455L_KO_M.Stim_B3_2_35933_combined.h5  shape=(100, 1920, 1920)  | mito_ann= 3,119,412 ( 0.8%)  mito_unann=         0 ( 0.0%)  | cristae= 313,781 (10.1% of ann mito)
  M8_eb6_model_combined.h5  shape=(79, 1336, 1336)  | mito_ann= 5,201,496 ( 3.7%)  mito_unann= 2,888,277 ( 2.0%)  | cristae= 957,776 (18.4% of ann mito)
  WT20_eb5_model2_combined.h5  shape=(137, 1336, 1336)  | mito_ann= 6,716,487 ( 2.7%)  mito_unann=33,785,855 (13.8%)  | cristae=1,154,581 (17.2% of ann mito)
  M1_eb6_model_combined.h5  shape=(124, 1336, 1336)  | mito_ann= 5,766,323 ( 2.6%)  mito_unann=         0 ( 0.0%)  | cristae= 700,222 (12.1% of ann mito)
  M2_eb5_model_combined.h5  shape=(111, 1336, 1336)  | mito_ann= 4,952,763 ( 2.5%)  mito_unann= 9,842,983 ( 5.0%)  | cristae= 699,638 (14.1% of ann mito)
  Otof_AVCN03_429A_WT_M.Stim_D3_4model_combined.h5  shape=(87, 1920, 2560)  | mito_ann=12,210,530 ( 2.9%)  mito_unann= 6,932,324 ( 1.6%)  | cristae= 953,139 ( 7.8% of ann mito)
  36194_B4_66K_TS_R01A_SC_01_rec_crop_combined.h5  shape=(236, 1024, 1024)  | mito_ann= 9,209,666 ( 3.7%)  mito_unann= 3,918,077 ( 1.6%)  | cristae=1,190,011 (12.9% of ann mito)
  WT21_syn4_model2_combined.h5  shape=(99, 1336, 1336)  | mito_ann= 5,064,138 ( 2.9%)  mito_unann= 4,496,483 ( 2.5%)  | cristae=1,392,746 (27.5% of ann mito)
  [TOTAL]  bg=3,112,923,223 (93.1%)  mito_ann=125,000,676 ( 3.7%)  mito_unann=106,766,067 ( 3.2%)  | cristae=20,612,691 (16.5% of ann mito)

Start fitting for 75000 iterations /  41 epochs
with 1865 iterations per epoch
Training with mixed precision
Finished training after 41 epochs / 75000 iterations.
The best epoch is number 27.
Done.
